<?xml version="1.0" encoding="UTF-8"?>
<!-- Generated by org.testng.reporters.JUnitReportReporter -->
<testsuite name="examples.TestCases" tests="1" time="5.815" ignored="0" failures="0" timestamp="21 Jun 2021 08:08:28 GMT" skipped="0" hostname="Neha-PC" errors="0">
  <testcase name="login" time="5.815" classname="examples.TestCases"/>
</testsuite> <!-- examples.TestCases -->
